<?xml version="1.0" encoding="UTF-8"?>
<!-- Generated by org.testng.reporters.JUnitReportReporter -->
<testsuite hostname="DESKTOP-30GL0O0" failures="0" tests="2" name="com.qa.tests.LoginPageTest" time="0.000" errors="0" timestamp="2023-12-15T00:07:16 EST" skipped="2">
  <testcase classname="com.qa.tests.LoginPageTest" name="verifyLoginPageTest" time="0.000">
    <skipped/>
  </testcase> <!-- verifyLoginPageTest -->
  <testcase classname="com.qa.tests.LoginPageTest" name="verifyLoginFunction" time="0.000">
    <skipped/>
  </testcase> <!-- verifyLoginFunction -->
</testsuite> <!-- com.qa.tests.LoginPageTest -->
